<?xml version="1.0" encoding="UTF-8"?>
<testng-results skipped="0" failed="0" ignored="0" total="1" passed="1">
  <reporter-output>
  </reporter-output>
  <suite name="Suite" duration-ms="4223" started-at="2019-07-12T11:07:24Z" finished-at="2019-07-12T11:07:29Z">
    <groups>
    </groups>
    <test name="Test" duration-ms="4223" started-at="2019-07-12T11:07:24Z" finished-at="2019-07-12T11:07:29Z">
      <class name="com.mailsend.test.SendEMailTest">
        <test-method status="PASS" signature="beforeClass()[pri:0, instance:com.mailsend.test.SendEMailTest@17f6480]" name="beforeClass" is-config="true" duration-ms="22" started-at="2019-07-12T11:07:24Z" finished-at="2019-07-12T11:07:24Z">
          <reporter-output>
          </reporter-output>
        </test-method> <!-- beforeClass -->
        <test-method status="PASS" signature="sendingEmail()[pri:0, instance:com.mailsend.test.SendEMailTest@17f6480]" name="sendingEmail" duration-ms="4183" started-at="2019-07-12T11:07:24Z" finished-at="2019-07-12T11:07:29Z">
          <reporter-output>
          </reporter-output>
        </test-method> <!-- sendingEmail -->
        <test-method status="PASS" signature="afterClass()[pri:0, instance:com.mailsend.test.SendEMailTest@17f6480]" name="afterClass" is-config="true" duration-ms="1" started-at="2019-07-12T11:07:29Z" finished-at="2019-07-12T11:07:29Z">
          <reporter-output>
          </reporter-output>
        </test-method> <!-- afterClass -->
      </class> <!-- com.mailsend.test.SendEMailTest -->
    </test> <!-- Test -->
  </suite> <!-- Suite -->
</testng-results>
