<?xml version="1.0" encoding="UTF-8"?>
<testng-results skipped="0" failed="0" ignored="0" total="1" passed="1">
  <reporter-output>
  </reporter-output>
  <suite name="Default suite" duration-ms="4353" started-at="2019-07-12T11:06:48Z" finished-at="2019-07-12T11:06:53Z">
    <groups>
    </groups>
    <test name="Default test" duration-ms="4353" started-at="2019-07-12T11:06:48Z" finished-at="2019-07-12T11:06:53Z">
      <class name="com.mailsend.test.SendEMailTest">
        <test-method status="PASS" signature="beforeClass()[pri:0, instance:com.mailsend.test.SendEMailTest@5034c75a]" name="beforeClass" is-config="true" duration-ms="16" started-at="2019-07-12T11:06:48Z" finished-at="2019-07-12T11:06:48Z">
          <reporter-output>
          </reporter-output>
        </test-method> <!-- beforeClass -->
        <test-method status="PASS" signature="sendingEmail()[pri:0, instance:com.mailsend.test.SendEMailTest@5034c75a]" name="sendingEmail" duration-ms="4319" started-at="2019-07-12T11:06:48Z" finished-at="2019-07-12T11:06:53Z">
          <reporter-output>
          </reporter-output>
        </test-method> <!-- sendingEmail -->
        <test-method status="PASS" signature="afterClass()[pri:0, instance:com.mailsend.test.SendEMailTest@5034c75a]" name="afterClass" is-config="true" duration-ms="2" started-at="2019-07-12T11:06:53Z" finished-at="2019-07-12T11:06:53Z">
          <reporter-output>
          </reporter-output>
        </test-method> <!-- afterClass -->
      </class> <!-- com.mailsend.test.SendEMailTest -->
    </test> <!-- Default test -->
  </suite> <!-- Default suite -->
</testng-results>
